<?xml version="1.0" encoding="UTF-8"?>
<testsuite xmlns:xsi="http://www.w3.org/2001/XMLSchema-instance" xsi:noNamespaceSchemaLocation="https://maven.apache.org/surefire/maven-surefire-plugin/xsd/surefire-test-report-3.0.xsd" version="3.0" name="TennisScoreManagerTest" time="0.257" tests="11" errors="0" skipped="0" failures="0">
  <properties>
[...]
</properties>
  <testcase name="testSetWinStandard" classname="TennisScoreManagerTest" time="0.058">
    <system-out><![CDATA[
*** SET 1 Vinto da P1 (6-4) ***

]]></system-out>
  </testcase>
  <testcase name="testTieBreakExtended" classname="TennisScoreManagerTest" time="0.001">
    <system-out><![CDATA[
*** INIZIO TIE-BREAK ***

]]></system-out>
  </testcase>
  <testcase name="testDeuceAndAdvantage2" classname="TennisScoreManagerTest" time="0.0"/>
  <testcase name="testBaseScoring" classname="TennisScoreManagerTest" time="0.0"/>
  <testcase name="testTieBreakWin" classname="TennisScoreManagerTest" time="0.006">
    <system-out><![CDATA[
*** INIZIO TIE-BREAK ***

]]></system-out>
  </testcase>
  <testcase name="testDeuceAndAdvantage" classname="TennisScoreManagerTest" time="0.0"/>
  <testcase name="testEnterTieBreak" classname="TennisScoreManagerTest" time="0.0"/>
  <testcase name="testMatchWin3_0" classname="TennisScoreManagerTest" time="0.008">
    <system-out><![CDATA[
*** SET 1 Vinto da P1 (6-0) ***


*** SET 2 Vinto da P1 (6-0) ***


*** SET 3 Vinto da P1 (6-0) ***


*** PARTITA VINTA DAL GIOCATORE 1! (3 Set a 0) ***

*** PARTITA VINTA DAL GIOCATORE 1! (3 Set a 0) ***
]]></system-out>
  </testcase>
  <testcase name="testSetWin7_5" classname="TennisScoreManagerTest" time="0.002">
    <system-out><![CDATA[
*** SET 1 Vinto da P1 (7-5) ***

]]></system-out>
  </testcase>
  <testcase name="testMatchScoreInProgress" classname="TennisScoreManagerTest" time="0.002">
    <system-out><![CDATA[
*** SET 1 Vinto da P1 (6-0) ***


*** SET 2 Vinto da P2 (6-0) ***

]]></system-out>
  </testcase>
  <testcase name="testGameWinFromAdvantage" classname="TennisScoreManagerTest" time="0.0"/>
</testsuite>