<?xml version="1.0" encoding="UTF-8"?>
<testsuite xmlns:xsi="http://www.w3.org/2001/XMLSchema-instance" xsi:noNamespaceSchemaLocation="https://maven.apache.org/surefire/maven-surefire-plugin/xsd/surefire-test-report-3.0.xsd" version="3.0" name="TennisScoreManagerTest" time="0.196" tests="11" errors="0" skipped="0" failures="1">
  <properties>
[...]
</properties>
  <testcase name="testSetWinStandard" classname="TennisScoreManagerTest" time="0.044">
    <system-out><![CDATA[
*** SET 1 Vinto da P1 (6-4) ***

]]></system-out>
  </testcase>
  <testcase name="testTieBreakExtended" classname="TennisScoreManagerTest" time="0.0">
    <system-out><![CDATA[
*** INIZIO TIE-BREAK ***

]]></system-out>
  </testcase>
  <testcase name="testDeuceAndAdvantage2" classname="TennisScoreManagerTest" time="0.0"/>
  <testcase name="testBaseScoring" classname="TennisScoreManagerTest" time="0.0"/>
  <testcase name="testTieBreakWin" classname="TennisScoreManagerTest" time="0.003">
    <system-out><![CDATA[
*** INIZIO TIE-BREAK ***

]]></system-out>
  </testcase>
  <testcase name="testDeuceAndAdvantage" classname="TennisScoreManagerTest" time="0.0"/>
  <testcase name="testEnterTieBreak" classname="TennisScoreManagerTest" time="0.007">
    <failure type="java.lang.AssertionError"><![CDATA[java.lang.AssertionError
	at org.junit.Assert.fail(Assert.java:87)
	at org.junit.Assert.assertTrue(Assert.java:42)
	at org.junit.Assert.assertTrue(Assert.java:53)
	at TennisScoreManagerTest.testEnterTieBreak(TennisScoreManagerTest.java:121)
	at java.base/jdk.internal.reflect.DirectMethodHandleAccessor.invoke(DirectMethodHandleAccessor.java:103)
	at java.base/java.lang.reflect.Method.invoke(Method.java:580)
	at org.junit.runners.model.FrameworkMethod$1.runReflectiveCall(FrameworkMethod.java:59)
	at org.junit.internal.runners.model.ReflectiveCallable.run(ReflectiveCallable.java:12)
	at org.junit.runners.model.FrameworkMethod.invokeExplosively(FrameworkMethod.java:56)
	at org.junit.internal.runners.statements.InvokeMethod.evaluate(InvokeMethod.java:17)
	at org.junit.internal.runners.statements.RunBefores.evaluate(RunBefores.java:26)
	at org.junit.runners.ParentRunner$3.evaluate(ParentRunner.java:306)
	at org.junit.runners.BlockJUnit4ClassRunner$1.evaluate(BlockJUnit4ClassRunner.java:100)
	at org.junit.runners.ParentRunner.runLeaf(ParentRunner.java:366)
	at org.junit.runners.BlockJUnit4ClassRunner.runChild(BlockJUnit4ClassRunner.java:103)
	at org.junit.runners.BlockJUnit4ClassRunner.runChild(BlockJUnit4ClassRunner.java:63)
	at org.junit.runners.ParentRunner$4.run(ParentRunner.java:331)
	at org.junit.runners.ParentRunner$1.schedule(ParentRunner.java:79)
	at org.junit.runners.ParentRunner.runChildren(ParentRunner.java:329)
	at org.junit.runners.ParentRunner.access$100(ParentRunner.java:66)
	at org.junit.runners.ParentRunner$2.evaluate(ParentRunner.java:293)
	at org.junit.runners.ParentRunner$3.evaluate(ParentRunner.java:306)
	at org.junit.runners.ParentRunner.run(ParentRunner.java:413)
	at org.apache.maven.surefire.junit4.JUnit4Provider.execute(JUnit4Provider.java:316)
	at org.apache.maven.surefire.junit4.JUnit4Provider.executeWithRerun(JUnit4Provider.java:240)
	at org.apache.maven.surefire.junit4.JUnit4Provider.executeTestSet(JUnit4Provider.java:214)
	at org.apache.maven.surefire.junit4.JUnit4Provider.invoke(JUnit4Provider.java:155)
	at org.apache.maven.surefire.booter.ForkedBooter.runSuitesInProcess(ForkedBooter.java:385)
	at org.apache.maven.surefire.booter.ForkedBooter.execute(ForkedBooter.java:162)
	at org.apache.maven.surefire.booter.ForkedBooter.run(ForkedBooter.java:507)
	at org.apache.maven.surefire.booter.ForkedBooter.main(ForkedBooter.java:495)
]]></failure>
  </testcase>
  <testcase name="testMatchWin3_0" classname="TennisScoreManagerTest" time="0.01">
    <system-out><![CDATA[
*** SET 1 Vinto da P1 (6-0) ***


*** SET 2 Vinto da P1 (6-0) ***


*** SET 3 Vinto da P1 (6-0) ***


*** PARTITA VINTA DAL GIOCATORE 1! (3 Set a 0) ***

*** PARTITA VINTA DAL GIOCATORE 1! (3 Set a 0) ***
]]></system-out>
  </testcase>
  <testcase name="testSetWin7_5" classname="TennisScoreManagerTest" time="0.002">
    <system-out><![CDATA[
*** SET 1 Vinto da P1 (7-5) ***

]]></system-out>
  </testcase>
  <testcase name="testMatchScoreInProgress" classname="TennisScoreManagerTest" time="0.002">
    <system-out><![CDATA[
*** SET 1 Vinto da P1 (6-0) ***


*** SET 2 Vinto da P2 (6-0) ***

]]></system-out>
  </testcase>
  <testcase name="testGameWinFromAdvantage" classname="TennisScoreManagerTest" time="0.0"/>
</testsuite>