<?xml version="1.0" encoding="UTF-8"?>
<testsuite xmlns:xsi="http://www.w3.org/2001/XMLSchema-instance" xsi:noNamespaceSchemaLocation="https://maven.apache.org/surefire/maven-surefire-plugin/xsd/surefire-test-report-3.0.xsd" version="3.0" name="TennisScoreManagerTest" time="0.069" tests="13" errors="0" skipped="0" failures="0">
  <properties>
[...]
</properties>
  <testcase name="testSetWinStandard" classname="TennisScoreManagerTest" time="0.042">
    <system-out><![CDATA[
*** SET 1 Vinto da P1 (6-4) ***

]]></system-out>
  </testcase>
  <testcase name="testPrintScoreTieBreak" classname="TennisScoreManagerTest" time="0.002"/>
  <testcase name="testTieBreakExtended" classname="TennisScoreManagerTest" time="0.004"/>
  <testcase name="testDeuceAndAdvantage2" classname="TennisScoreManagerTest" time="0.001"/>
  <testcase name="testBaseScoring" classname="TennisScoreManagerTest" time="0.0"/>
  <testcase name="testTieBreakWin" classname="TennisScoreManagerTest" time="0.0"/>
  <testcase name="testDeuceAndAdvantage" classname="TennisScoreManagerTest" time="0.0"/>
  <testcase name="testEnterTieBreak" classname="TennisScoreManagerTest" time="0.001"/>
  <testcase name="testMatchWin3_0" classname="TennisScoreManagerTest" time="0.001"/>
  <testcase name="testPrintScoreNormalGame" classname="TennisScoreManagerTest" time="0.005"/>
  <testcase name="testSetWin7_5" classname="TennisScoreManagerTest" time="0.0"/>
  <testcase name="testMatchScoreInProgress" classname="TennisScoreManagerTest" time="0.001"/>
  <testcase name="testGameWinFromAdvantage" classname="TennisScoreManagerTest" time="0.0"/>
</testsuite>